C251 COMPILER V5.60.0,  element                                                            30/04/22  21:52:43  PAGE 1   


C251 COMPILER V5.60.0, COMPILATION OF MODULE element
OBJECT MODULE PLACED IN .\Out_File\element.obj
COMPILER INVOKED BY: C:\Keil_v5\C251\BIN\C251.EXE ..\CODE\element.c XSMALL INTR2 WARNINGLEVEL(3) BROWSE INCDIR(..\..\Lib
                    -raries\libraries;..\..\Libraries\seekfree_libraries;..\..\Libraries\seekfree_peripheral;..\CODE;..\USER\inc;..\USER\src)
                    - DEBUG PRINT(.\Out_File\element.lst) OBJECT(.\Out_File\element.obj) 

stmt  level    source

    1          #include "headfile.h"
    2          
    3          
    4          int sideway_flag=0,cirque_flag=0;
    5          int side_cnt,d_cnt;
    6          
    7          void judge()
    8          {
    9   1          if(ad_value1>70&&ad_value1<90
   10   1             &&ad_value2>55&&ad_value2<75
   11   1             &&ad_value3>55&&ad_value3<75
   12   1             &&ad_value4>45&&ad_value4<60){
   13   2              
   14   2              bee = 0;
   15   2              
   16   2              if(sideway_flag == 0){
   17   3                  sideway_flag = 1;
   18   3              }
   19   2              
   20   2              if(side_cnt>5000){
   21   3                  sideway_flag++;
   22   3                  side_cnt=0;
   23   3              }
   24   2              
   25   2              if(sideway_flag>4){
   26   3                  sideway_flag=0;
   27   3              }
   28   2          }
   29   1          
   30   1          if(ad_value1>35&&ad_value1<45
   31   1          &&ad_value2>15&&ad_value2<30
   32   1          &&ad_value3>35&&ad_value3<45
   33   1          &&ad_value4>35&&ad_value4<55){ 
   34   2              
   35   2              bee = 0;
   36   2              
   37   2              if(sideway_flag == 0){
   38   3                  sideway_flag = 1;
   39   3              }
   40   2              
   41   2              if(side_cnt>4000){
   42   3                  sideway_flag++;
   43   3                  side_cnt=0;
   44   3              }
   45   2              
   46   2              if(sideway_flag>4){
   47   3                  sideway_flag=0;
   48   3              }
   49   2          }
   50   1      }
   51          
   52              
   53          void sideway()
   54          {
   55   1          switch(sideway_flag){
   56   2              case 1:
   57   2                  Steer_PWMoutput = 635;
C251 COMPILER V5.60.0,  element                                                            30/04/22  21:52:43  PAGE 2   

   58   2                  d_cnt++;
   59   2                  if(d_cnt == 750){
   60   3                      bee = 1;
   61   3                      sideway_flag = 2;
   62   3                      d_cnt = 0;
   63   3                  }
   64   2                  break;
   65   2                  
   66   2              case 3:
   67   2                  Steer_PWMoutput = 795;
   68   2                  d_cnt++;
   69   2                  if(d_cnt == 750){
   70   3                      bee = 1;
   71   3                      sideway_flag = 4;
   72   3                      d_cnt = 0;
   73   3                  }
   74   2                  break;
   75   2                  
   76   2      //        case 5:
   77   2      //            Steer_PWMoutput = 795;
   78   2      //            d_cnt++;
   79   2      //            if(d_cnt == 2000){
   80   2      //                sideway_flag = 6;
   81   2      //                d_cnt = 0;
   82   2      //            }
   83   2      //            break;
   84   2      //            
   85   2      //        case 7:
   86   2      //            Steer_PWMoutput = 795;
   87   2      //            d_cnt++;
   88   2      //            if(d_cnt == 2000){
   89   2      //                sideway_flag = 8;
   90   2      //                d_cnt = 0;
   91   2      //            }
   92   2      //            break;
   93   2                  
   94   2              default:
   95   2                  break;
   96   2          }
   97   1              
   98   1      }
   99          
  100          void cirque()
  101          {
  102   1          if(cirque_flag==1){
  103   2          }
  104   1          
  105   1      }
  106          
  107          int sz_flag,flag_0;
  108          void ccd_sz()
  109          {
  110   1      //      int i;
  111   1              
  112   1              for(i=0;i<128;i++)
  113   1           {
  114   2                               if(ccd_value[i]<200)
  115   2                               {
  116   3                                       break;
  117   3                               }
  118   2                               else if(i==127)
  119   2                               {
  120   3                                       flag_0 = 1;
  121   3                               }
  122   2                       }
  123   1              if(Lboundary_data<10&&Rboundary_data>120
C251 COMPILER V5.60.0,  element                                                            30/04/22  21:52:43  PAGE 3   

  124   1                      &&Lboundary_data2>40&&Rboundary_data2<80
  125   1                      &&flag_0 == 1)
  126   1                      {
  127   2                              sz_flag =1 ;
  128   2                      }
  129   1                      
  130   1              if(sz_flag == 1)
  131   1              {
  132   2                      Steer_PWMoutput = 704;
  133   2      //    if(Lboundary_data>35&&Rboundary_data<105
  134   2      //                      &&Lboundary_data2>35&&Rboundary_data2<105)
  135   2                      if(road_width1<70&&road_width2<40)
  136   2                      {
  137   3                              sz_flag = 0;
  138   3                              flag_0 = 0;
  139   3                      }
  140   2              }
  141   1      }
  142          
  143          int sc_flag = 0;
  144          void ccd_sc()
  145          {
  146   1              if(Lboundary_data<20&&Rboundary_data>103&&
  147   1              Broad_width2>20
  148   1                      &&sc_flag == 0
  149   1              &&Outside_black1>20&&Outside_black2<107)
  150   1          //中间黑30-90//如果黑道宽度大于20
  151   1          //左边黑线Outside_black1>15//右边黑线Outside_black2<112
  152   1              {
  153   2                       bee = 0;
  154   2                       sc_flag =1 ;
  155   2              }
  156   1              if(sc_flag == 1)
  157   1              {
  158   2                      Steer_PWMoutput = 765;
  159   2      //    if(Lboundary_data>35&&Rboundary_data<105
  160   2      //                      &&Lboundary_data2>35&&Rboundary_data2<105)
  161   2                      if(road_width1<70&&road_width2<40)
  162   2                      {
  163   3                              bee = 1;
  164   3                              sc_flag = 2;
  165   3                      }
  166   2              }
  167   1              
  168   1              
  169   1              if(Lboundary_data<15&&Rboundary_data>113
  170   1                      &&Broad_width2>15
  171   1                      &&sc_flag == 2)
  172   1              {
  173   2                       bee = 0;
  174   2                       sc_flag =3 ;
  175   2              }
  176   1              if(sc_flag == 3)
  177   1              {
  178   2                      Steer_PWMoutput = 635;
  179   2                      if(road_width1<70&&road_width2<40)
  180   2                      {
  181   3                              bee = 1;
  182   3                              sc_flag = 4;
  183   3                      }
  184   2              }
  185   1              
  186   1              if(Lboundary_data<15&&Rboundary_data>115
  187   1                      &&Broad_width2>15
  188   1                      &&sc_flag == 4)
  189   1              {
C251 COMPILER V5.60.0,  element                                                            30/04/22  21:52:43  PAGE 4   

  190   2                       bee = 0;
  191   2                       sc_flag =5 ;
  192   2              }
  193   1              if(sc_flag == 5)
  194   1              {
  195   2                      Steer_PWMoutput = 765;
  196   2      //    if(Lboundary_data>35&&Rboundary_data<105
  197   2      //                      &&Lboundary_data2>35&&Rboundary_data2<105)
  198   2                      if(road_width1<70&&road_width2<40)
  199   2                      {
  200   3                              bee = 1;
  201   3                              sc_flag = 6;
  202   3                      }
  203   2              }
  204   1              
  205   1              if(Lboundary_data<15&&Rboundary_data>115
  206   1                      &&Broad_width2>15
  207   1                      &&sc_flag == 6)
  208   1              {
  209   2                       bee = 0;
  210   2                       sc_flag = 7;
  211   2              }
  212   1                      if(sc_flag == 7)
  213   1              {
  214   2                      Steer_PWMoutput = 635;
  215   2                      if(road_width1<70&&road_width2<40)
  216   2                      {
  217   3                              bee = 1;
  218   3                              sc_flag = 0;
  219   3                      }
  220   2              }
  221   1      }


Module Information          Static   Overlayable
------------------------------------------------
  code size            =      1000     ------
  ecode size           =    ------     ------
  data size            =    ------     ------
  idata size           =    ------     ------
  pdata size           =    ------     ------
  xdata size           =    ------     ------
  xdata-const size     =    ------     ------
  edata size           =        14     ------
  bit size             =    ------     ------
  ebit size            =    ------     ------
  bitaddressable size  =    ------     ------
  ebitaddressable size =    ------     ------
  far data size        =    ------     ------
  huge data size       =    ------     ------
  const size           =    ------     ------
  hconst size          =        18     ------
End of Module Information.


C251 COMPILATION COMPLETE.  0 WARNING(S),  0 ERROR(S)
