C251 COMPILER V5.60.0,  SEEKFREE_WIRELESS_CH573                                            15/05/22  11:18:38  PAGE 1   


C251 COMPILER V5.60.0, COMPILATION OF MODULE SEEKFREE_WIRELESS_CH573
OBJECT MODULE PLACED IN .\Out_File\SEEKFREE_WIRELESS_CH573.obj
COMPILER INVOKED BY: C:\Keil_v5\C251\BIN\C251.EXE ..\..\Libraries\seekfree_peripheral\SEEKFREE_WIRELESS_CH573.c XSMALL I
                    -NTR2 WARNINGLEVEL(3) BROWSE INCDIR(..\..\Libraries\libraries;..\..\Libraries\seekfree_libraries;..\..\Libraries\seekfree
                    -_peripheral;..\CODE;..\USER\inc;..\USER\src) DEBUG PRINT(.\Out_File\SEEKFREE_WIRELESS_CH573.lst) OBJECT(.\Out_File\SEEKF
                    -REE_WIRELESS_CH573.obj) 

stmt  level    source

    1          /********************************************************************************************************
             -*************
    2           * 以下所有内容版权均属逐飞科技所有，未经允许不得用于商业用途，
    3           * 欢迎各位使用并传播本程序，修改内容时必须保留逐飞科技的版权声明。
    4           *
    5           * @file                逐飞科技无线转串口模块
    6           * @company                     成都逐飞科技有限公司
    7           * @author              逐飞科技(QQ3184284598)
    8           * @version             查看doc内version文件 版本说明
    9           * @Software            MDK FOR C251 V9.60
   10           * @Taobao              https://seekfree.taobao.com/
   11           * @date                2022-03-7
   12           * @note                
   13          // *************************** 例程硬件连接说明 ***************************
   14          //      模块管脚            单片机管脚
   15          //      RX                  查看SEEKFREE_WIRELESS_CH573.h文件中WIRELESS_CH573_UART_RX宏定义的引脚 默认 P0
             -3
   16          //      TX                  查看SEEKFREE_WIRELESS_CH573.h文件中WIRELESS_CH573_UART_TX宏定义的引脚 默认 P0
             -2
   17          //      RTS                 查看SEEKFREE_WIRELESS_CH573.h文件中RTS_PIN宏定义的引脚 默认 P07
   18          //      GND                 电源地
   19          //      VCC                 5V电源
   20           ********************************************************************************************************
             -************/
   21          #include "SEEKFREE_WIRELESS_CH573.h"
   22          #include "zf_uart.h"
   23          
   24          
   25          //-------------------------------------------------------------------------------------------------------
             -------------
   26          //  @brief      573转串口模块回调函数
   27          //  @param      NULL
   28          //  @return     void                                    
   29          //  @since      v1.0
   30          //  Sample usage:       
   31          //  @note       
   32          //-------------------------------------------------------------------------------------------------------
             -------------
   33          void wireless_ch573_callback(void)
   34          {
   35   1                      uint8 wireless_573_rx_buffer = WIRELESS_CH573_DATA_BUF;
   36   1                      //接到一个字节后单片机将会进入串口中断，通过在此处读取wireless_573_rx_buffer可以取走数据
   37   1      }
   38          
   39          
   40          
   41          
   42          //-------------------------------------------------------------------------------------------------------
             -------------
   43          //  @brief      573转串口模块初始化
   44          //  @param      NULL
   45          //  @return     void                                    
   46          //  @since      v1.0
   47          //  Sample usage:       
   48          //  @note       
   49          //-------------------------------------------------------------------------------------------------------
C251 COMPILER V5.60.0,  SEEKFREE_WIRELESS_CH573                                            15/05/22  11:18:38  PAGE 2   

             -------------
   50          void wireless_ch573_init(void)
   51          {
   52   1          wireless_type = WIRELESS_CH573;
   53   1          //本函数使用的波特率为115200，为573转串口模块的默认波特率，如需其他波特率请自行配置模块并修改串口的波
             -特率
   54   1      
   55   1                      uart_init(WIRELESS_CH573_UART, WIRELESS_CH573_UART_TX_PIN, WIRELESS_CH573_UART_RX_PIN, WIRELESS_CH573_U
             -ART_BAUD, WIRELESS_CH573_TIMER_N);     //初始化串口    
   56   1          
   57   1      }
   58          
   59          //-------------------------------------------------------------------------------------------------------
             -------------
   60          //  @brief      573转串口模块 发送函数
   61          //  @param      buff        需要发送的数据地址
   62          //  @param      len         发送长度
   63          //  @return     uint32      剩余未发送的字节数   
   64          //  @since      v1.0
   65          //  Sample usage:       
   66          //  @note       
   67          //-------------------------------------------------------------------------------------------------------
             -------------
   68          uint32 wireless_ch573_send_buff(uint8 *buff, uint16 len)
   69          {
   70   1          while(len>30)
   71   1          {
   72   2              if(RTS_PIN == 1)  
   73   2              {
   74   3                  return len;//模块忙,如果允许当前程序使用while等待 则可以使用后面注释的while等待语句替换本if语
             -句
   75   3              }
   76   2              //while(RTS_PIN);  //如果RTS为低电平，则继续发送数据
   77   2              uart_putbuff(WIRELESS_CH573_UART,buff,30);
   78   2      
   79   2              buff += 30; //地址偏移
   80   2              len -= 30;//数量
   81   2          }
   82   1          
   83   1          if(RTS_PIN == 1)  
   84   1          {
   85   2              return len;//模块忙,如果允许当前程序使用while等待 则可以使用后面注释的while等待语句替换本if语句
   86   2          }
   87   1          //while(RTS_PIN);  //如果RTS为低电平，则继续发送数据
   88   1          uart_putbuff(WIRELESS_CH573,buff,len);//发送最后的数据
   89   1          
   90   1          return 0;
   91   1      }
   92          
   93          
   94          
   95          


Module Information          Static   Overlayable
------------------------------------------------
  code size            =       131     ------
  ecode size           =    ------     ------
  data size            =    ------     ------
  idata size           =    ------     ------
  pdata size           =    ------     ------
  xdata size           =    ------     ------
  xdata-const size     =    ------     ------
  edata size           =    ------          2
  bit size             =    ------     ------
  ebit size            =    ------     ------
  bitaddressable size  =    ------     ------
C251 COMPILER V5.60.0,  SEEKFREE_WIRELESS_CH573                                            15/05/22  11:18:38  PAGE 3   

  ebitaddressable size =    ------     ------
  far data size        =    ------     ------
  huge data size       =    ------     ------
  const size           =    ------     ------
  hconst size          =    ------     ------
End of Module Information.


C251 COMPILATION COMPLETE.  0 WARNING(S),  0 ERROR(S)
