C251 COMPILER V5.60.0,  steer                                                              30/04/22  22:32:13  PAGE 1   


C251 COMPILER V5.60.0, COMPILATION OF MODULE steer
OBJECT MODULE PLACED IN .\Out_File\steer.obj
COMPILER INVOKED BY: C:\Keil_v5\C251\BIN\C251.EXE ..\CODE\steer.c XSMALL INTR2 WARNINGLEVEL(3) BROWSE INCDIR(..\..\Libra
                    -ries\libraries;..\..\Libraries\seekfree_libraries;..\..\Libraries\seekfree_peripheral;..\CODE;..\USER\inc;..\USER\src) D
                    -EBUG PRINT(.\Out_File\steer.lst) OBJECT(.\Out_File\steer.obj) 

stmt  level    source

    1          #include "headfile.h"
    2          
    3          int Target_direction = 0,Steer_PWMoutput = 704,Mid_Value = 704;
    4          float steer_KP = 0,
    5                steer_KD = 0,
    6                    steer_KT = 0;
    7          
    8          void steer_init()
    9          {
   10   1              pwm_init(PWMB_CH1_P74, 50, 704);//1240max――left//185max――right//mid 709
   11   1      }
   12          
   13          //void dc_Steer_Control()
   14          //{
   15          //    if(cbh>=0&&sideway_flag!=1&&sideway_flag!=3)//右
   16          //    {   
   17          //      if(ad_value2<0&&ad_value3<0)
   18          //      {
   19          //          steer_KP = 1.6;
   20          //          steer_KD = 30.5;
   21          //      }
   22          //      
   23          //      else
   24          //      {
   25          
   26          //          if(cbh<=30)
   27          //        {
   28          //          steer_KP = 4.2;
   29          //          steer_KD = 60.5;
   30          //        }
   31          //        if(cbh<=60&&cbh>30)
   32          //        {
   33          //          steer_KP = 6.5;
   34          //          steer_KD = 90.0;
   35          //        }
   36          //        if(cbh<=100&&cbh>60)
   37          //        {
   38          //          steer_KP = 11.5;
   39          //          steer_KD = 139.8;
   40          //        }
   41          //      }
   42          //        
   43          //      Steer_PWMoutput = Mid_Value + PID_Realize(steer_KP,0,steer_KD,steer_KT, cbh, Target_direction);
   44          //    }
   45          //      
   46          //    if(cbh<0&&sideway_flag!=1&&sideway_flag!=3)//左
   47          //    {
   48          //      if(ad_value2<0&&ad_value3<0)
   49          //      {
   50          //          steer_KP = 0.1;
   51          //          steer_KD = 1.5;
   52          //      }
   53          //      else
   54          //      {
   55          //        if(cbh>=-30)
   56          //        {
   57          //          steer_KP = 4.8;
C251 COMPILER V5.60.0,  steer                                                              30/04/22  22:32:13  PAGE 2   

   58          //          steer_KD = 65;
   59          //        }
   60          //        if(cbh>=-60&&cbh<-30)
   61          //        {
   62          //          steer_KP = 7.2;
   63          //          steer_KD = 85.0;
   64          //        }
   65          //        if(cbh>=-100&&cbh<-60)
   66          //        {
   67          //          steer_KP = 12.5;
   68          //          steer_KD = 125.5;
   69          //        }
   70          //      }
   71          //        
   72          //      Steer_PWMoutput = Mid_Value + PID_Realize(steer_KP,0,steer_KD,steer_KT, cbh, Target_direction);
   73          //      
   74          //    }
   75          //}
   76          void ccd_Steer_Control()
   77          {
   78   1          if(sz_flag!=1)
   79   1          {
   80   2              if(df<30&&df>-30)
   81   2              {
   82   3                  steer_KP = 1.15;//speed180以内 p=1.35 d=2.3
   83   3                  steer_KD = 2.3;
   84   3              }
   85   2              else if(df>-60&&df<-30)
   86   2              {
   87   3                  steer_KP = 1.85;//speed230以内 p=0.15 d=2.1
   88   3                  steer_KD = 2.5;
   89   3              }
   90   2              else if(df<60&&df>30)
   91   2              {
   92   3                  steer_KP = 1.85;//speed230以内 p=0.15 d=2.1
   93   3                  steer_KD = 2.4;
   94   3              }
   95   2              else
   96   2              {
   97   3                  steer_KP = 2.35;//speed230以内 p=0.15 d=2.1
   98   3                  steer_KD = 2.7;
   99   3              }
  100   2              
  101   2          }
  102   1          Steer_PWMoutput = Mid_Value - PID_Realize(steer_KP,0,steer_KD,steer_KT, df, Target_direction);
  103   1      }
  104                  
  105          void steer_output(int Steer)//steer_left765  //steer_right635
  106          {
  107   1          if (Steer >= 765)                   
  108   1              {
  109   2                      Steer = 765;
  110   2              }
  111   1              else if (Steer <= 635)
  112   1              {
  113   2                      Steer = 635;
  114   2              }
  115   1              pwm_duty(PWMB_CH1_P74, Steer);  
  116   1      }


Module Information          Static   Overlayable
------------------------------------------------
  code size            =       259     ------
  ecode size           =    ------     ------
  data size            =    ------     ------
  idata size           =    ------     ------
C251 COMPILER V5.60.0,  steer                                                              30/04/22  22:32:13  PAGE 3   

  pdata size           =    ------     ------
  xdata size           =    ------     ------
  xdata-const size     =    ------     ------
  edata size           =        18     ------
  bit size             =    ------     ------
  ebit size            =    ------     ------
  bitaddressable size  =    ------     ------
  ebitaddressable size =    ------     ------
  far data size        =    ------     ------
  huge data size       =    ------     ------
  const size           =    ------     ------
  hconst size          =        42     ------
End of Module Information.


C251 COMPILATION COMPLETE.  0 WARNING(S),  0 ERROR(S)
